<?xml version="1.0" encoding="UTF-8"?>
<!-- Generated by org.testng.reporters.JUnitReportReporter -->
<testsuite hostname="Michael-ПК" name="com.epam.lab.selenium.SelenIDE" tests="1" failures="0" timestamp="18 Sep 2018 07:24:52 GMT" time="12.206" errors="0">
  <testcase name="testSelenIDE" time="12.206" classname="com.epam.lab.selenium.SelenIDE"/>
</testsuite> <!-- com.epam.lab.selenium.SelenIDE -->
